e:\hk2_nam2\cau-truc-du-lieu-va-giai-thuat\qltv\qltv\x64\debug\vc141.pdb
e:\hk2_nam2\cau-truc-du-lieu-va-giai-thuat\qltv\qltv\x64\debug\vc141.idb
e:\hk2_nam2\cau-truc-du-lieu-va-giai-thuat\qltv\qltv\x64\debug\textbox.obj
e:\hk2_nam2\cau-truc-du-lieu-va-giai-thuat\qltv\qltv\x64\debug\source.obj
e:\hk2_nam2\cau-truc-du-lieu-va-giai-thuat\qltv\qltv\x64\debug\mangcontro.obj
e:\hk2_nam2\cau-truc-du-lieu-va-giai-thuat\qltv\qltv\x64\debug\mainwindow.obj
e:\hk2_nam2\cau-truc-du-lieu-va-giai-thuat\qltv\qltv\x64\debug\label.obj
e:\hk2_nam2\cau-truc-du-lieu-va-giai-thuat\qltv\qltv\x64\debug\danhsachlienketkep.obj
e:\hk2_nam2\cau-truc-du-lieu-va-giai-thuat\qltv\qltv\x64\debug\danhsachlienketdon.obj
e:\hk2_nam2\cau-truc-du-lieu-va-giai-thuat\qltv\qltv\x64\debug\console.obj
e:\hk2_nam2\cau-truc-du-lieu-va-giai-thuat\qltv\qltv\x64\debug\connectfile.obj
e:\hk2_nam2\cau-truc-du-lieu-va-giai-thuat\qltv\qltv\x64\debug\caynhiphan.obj
e:\hk2_nam2\cau-truc-du-lieu-va-giai-thuat\qltv\qltv\x64\debug\button.obj
e:\hk2_nam2\cau-truc-du-lieu-va-giai-thuat\qltv\qltv\x64\debug\backend.obj
e:\hk2_nam2\cau-truc-du-lieu-va-giai-thuat\qltv\x64\debug\qltv.pdb
e:\hk2_nam2\cau-truc-du-lieu-va-giai-thuat\qltv\qltv\x64\debug\qltv.tlog\cl.command.1.tlog
e:\hk2_nam2\cau-truc-du-lieu-va-giai-thuat\qltv\qltv\x64\debug\qltv.tlog\cl.read.1.tlog
e:\hk2_nam2\cau-truc-du-lieu-va-giai-thuat\qltv\qltv\x64\debug\qltv.tlog\cl.write.1.tlog
e:\hk2_nam2\cau-truc-du-lieu-va-giai-thuat\qltv\qltv\x64\debug\qltv.tlog\link-cvtres.read.1.tlog
e:\hk2_nam2\cau-truc-du-lieu-va-giai-thuat\qltv\qltv\x64\debug\qltv.tlog\link-cvtres.write.1.tlog
e:\hk2_nam2\cau-truc-du-lieu-va-giai-thuat\qltv\qltv\x64\debug\qltv.tlog\link-rc.read.1.tlog
e:\hk2_nam2\cau-truc-du-lieu-va-giai-thuat\qltv\qltv\x64\debug\qltv.tlog\link-rc.write.1.tlog
e:\hk2_nam2\cau-truc-du-lieu-va-giai-thuat\qltv\qltv\x64\debug\qltv.tlog\link.command.1.tlog
e:\hk2_nam2\cau-truc-du-lieu-va-giai-thuat\qltv\qltv\x64\debug\qltv.tlog\link.read.1.tlog
e:\hk2_nam2\cau-truc-du-lieu-va-giai-thuat\qltv\qltv\x64\debug\qltv.tlog\link.write.1.tlog
