c:\users\manma\source\repos\qltv\qltv\debug\vc141.pdb
c:\users\manma\source\repos\qltv\qltv\debug\vc141.idb
c:\users\manma\source\repos\qltv\qltv\debug\textbox.obj
c:\users\manma\source\repos\qltv\qltv\debug\source.obj
c:\users\manma\source\repos\qltv\qltv\debug\mangcontro.obj
c:\users\manma\source\repos\qltv\qltv\debug\danhsachlienketkep.obj
c:\users\manma\source\repos\qltv\qltv\debug\danhsachlienketdon.obj
c:\users\manma\source\repos\qltv\qltv\debug\console.obj
c:\users\manma\source\repos\qltv\qltv\debug\connectfile.obj
c:\users\manma\source\repos\qltv\qltv\debug\caynhiphan.obj
c:\users\manma\source\repos\qltv\qltv\debug\button.obj
c:\users\manma\source\repos\qltv\qltv\debug\backend.obj
c:\users\manma\source\repos\qltv\debug\qltv.pdb
c:\users\manma\source\repos\qltv\qltv\debug\qltv.tlog\cl.command.1.tlog
c:\users\manma\source\repos\qltv\qltv\debug\qltv.tlog\cl.read.1.tlog
c:\users\manma\source\repos\qltv\qltv\debug\qltv.tlog\cl.write.1.tlog
c:\users\manma\source\repos\qltv\qltv\debug\qltv.tlog\link-cvtres.read.1.tlog
c:\users\manma\source\repos\qltv\qltv\debug\qltv.tlog\link-cvtres.write.1.tlog
c:\users\manma\source\repos\qltv\qltv\debug\qltv.tlog\link-rc.read.1.tlog
c:\users\manma\source\repos\qltv\qltv\debug\qltv.tlog\link-rc.write.1.tlog
c:\users\manma\source\repos\qltv\qltv\debug\qltv.tlog\link.command.1.tlog
c:\users\manma\source\repos\qltv\qltv\debug\qltv.tlog\link.read.1.tlog
c:\users\manma\source\repos\qltv\qltv\debug\qltv.tlog\link.write.1.tlog
